<?xml version="1.0" encoding="UTF-8"?>
<!-- Generated by org.testng.reporters.JUnitXMLReporter -->
<testsuite hostname="DESKTOP-2R1D91Q" ignored="0" name="Default test" tests="3" failures="0" timestamp="04 Jun 2019 02:00:47 GMT" time="95.935" errors="0">
  <testcase name="Walkthrough" time="2.438" classname="testSauce.TestAndroidSauce"/>
  <testcase name="AccountNumber" time="16.049" classname="testSauce.TestAndroidSauce"/>
  <testcase name="SoOnnnn" time="34.388" classname="testSauce.TestAndroidSauce"/>
</testsuite> <!-- Default test -->
