<?xml version="1.0" encoding="UTF-8"?>
<!-- Generated by org.testng.reporters.JUnitXMLReporter -->
<testsuite hostname="DESKTOP-2R1D91Q" ignored="0" name="Test" tests="3" failures="0" timestamp="04 Jun 2019 02:18:43 GMT" time="88.971" errors="0">
  <testcase name="Walkthrough" time="2.259" classname="testSauce.TestAndroidSauce"/>
  <testcase name="AccountNumber" time="15.217" classname="testSauce.TestAndroidSauce"/>
  <testcase name="pinCode" time="32.074" classname="testSauce.TestAndroidSauce"/>
</testsuite> <!-- Test -->
